
===========================================
Выбираю алгоритм...
Выбрал алгоритм: Huffman
Сжимаю файл /Users/farcoad/Desktop/09WaQRbzlNY.jpg ...
Сжал исходный файл в: /Users/farcoad/Desktop/09WaQRbzlNY.bin
Коэффициент сжатия 0.804156
===========================================
Выбираю алгоритм...
Выбрал алгоритм: Huffman
Сжимаю файл /Users/farcoad/Desktop/Error-512.png ...
Сжал исходный файл в: /Users/farcoad/Desktop/Error-512.bin
Сжатый файл оказался больше исходного.
Коэффициент сжатия 1
===========================================
Выбираю алгоритм...
Выбрал алгоритм: Huffman
Сжимаю файл /Users/farcoad/Desktop/Nulw5afp_nU.jpg ...
Сжал исходный файл в: /Users/farcoad/Desktop/Nulw5afp_nU.bin
Коэффициент сжатия 0.835676
===========================================
Выбираю алгоритм...
Выбрал алгоритм: Huffman
Сжимаю файл /Users/farcoad/Desktop/pV6twVwSA7E.jpg ...
Сжал исходный файл в: /Users/farcoad/Desktop/pV6twVwSA7E.bin
Коэффициент сжатия 0.670388
===========================================
Выбираю алгоритм...
Выбрал алгоритм: Huffman
Сжимаю файл /Users/farcoad/Desktop/YzbNVmWqS2Q.jpg ...
Сжал исходный файл в: /Users/farcoad/Desktop/YzbNVmWqS2Q.bin
Коэффициент сжатия 0.565203
===========================================
Выбираю алгоритм...
Выбрал алгоритм: Huffman
Сжимаю файл /Users/farcoad/Desktop/ТР1.pdf ...
Сжал исходный файл в: /Users/farcoad/Desktop/ТР1.bin
Коэффициент сжатия 0.996267
===========================================
Выбираю алгоритм...
Выбрал алгоритм: LZW
Сжимаю файл /Users/farcoad/Desktop/main.cpp ...
Сжал исходный файл в: /Users/farcoad/Desktop/main.bin
Коэффициент сжатия 0.565782
===========================================
Выбираю алгоритм...
Выбрал алгоритм: LZW
Сжимаю файл /Users/farcoad/Desktop/Selection.cpp ...
Сжал исходный файл в: /Users/farcoad/Desktop/Selection.bin
Коэффициент сжатия 0.535833
===========================================
Выбираю алгоритм...
Выбрал алгоритм: LZW
Сжимаю файл /Users/farcoad/Desktop/vp8.c ...
Сжал исходный файл в: /Users/farcoad/Desktop/vp8.bin
Коэффициент сжатия 0.419768
===========================================
Выбираю алгоритм...
Выбрал алгоритм: Huffman
Восстанавливаю сжатый файл 0.bin ...
Восстанавил сжатый файл: /Users/farcoad/Desktop/Dearchive/09WaQRbzlNY.jpg

===========================================
Выбираю алгоритм...
Выбрал алгоритм: Huffman
Восстанавливаю сжатый файл 1.bin ...
Восстанавил сжатый файл: /Users/farcoad/Desktop/Dearchive/Error-512.png

===========================================
Выбираю алгоритм...
Выбрал алгоритм: Huffman
Восстанавливаю сжатый файл 2.bin ...
Восстанавил сжатый файл: /Users/farcoad/Desktop/Dearchive/Nulw5afp_nU.jpg

===========================================
Выбираю алгоритм...
Выбрал алгоритм: LZW
Восстанавливаю сжатый файл 3.bin ...
Восстанавил сжатый файл: /Users/farcoad/Desktop/Dearchive/Selection.cpp

===========================================
Выбираю алгоритм...
Выбрал алгоритм: Huffman
Восстанавливаю сжатый файл 4.bin ...
Восстанавил сжатый файл: /Users/farcoad/Desktop/Dearchive/YzbNVmWqS2Q.jpg

===========================================
Выбираю алгоритм...
Выбрал алгоритм: LZW
Восстанавливаю сжатый файл 5.bin ...
Восстанавил сжатый файл: /Users/farcoad/Desktop/Dearchive/main.cpp

===========================================
Выбираю алгоритм...
Выбрал алгоритм: Huffman
Восстанавливаю сжатый файл 6.bin ...
Восстанавил сжатый файл: /Users/farcoad/Desktop/Dearchive/pV6twVwSA7E.jpg

===========================================
Выбираю алгоритм...
Выбрал алгоритм: LZW
Восстанавливаю сжатый файл 7.bin ...
Восстанавил сжатый файл: /Users/farcoad/Desktop/Dearchive/vp8.c

===========================================
Выбираю алгоритм...
Выбрал алгоритм: Huffman
Восстанавливаю сжатый файл 8.bin ...
Восстанавил сжатый файл: /Users/farcoad/Desktop/Dearchive/ТР1.pdf
